-------------------------------------------------------------------------------
Test set: es.uclm.esi.isoft2b01.iteracion3.Dominio.GestorComandaTest
-------------------------------------------------------------------------------
Tests run: 1, Failures: 1, Errors: 0, Skipped: 0, Time elapsed: 0.001 s <<< FAILURE! - in es.uclm.esi.isoft2b01.iteracion3.Dominio.GestorComandaTest
ObtenerPlato(es.uclm.esi.isoft2b01.iteracion3.Dominio.GestorComandaTest)  Time elapsed: 0 s  <<< FAILURE!
java.lang.AssertionError: expected:<es.uclm.esi.isoft2b01.iteracion3.Dominio.Plato@72c8e7b> but was:<[es.uclm.esi.isoft2b01.iteracion3.Dominio.Plato@72c8e7b]>
	at es.uclm.esi.isoft2b01.iteracion3.Dominio.GestorComandaTest.ObtenerPlato(GestorComandaTest.java:36)

